<?xml version="1.0" encoding="UTF-8"?>
<testng-results ignored="0" total="5" passed="5" failed="0" skipped="0">
  <reporter-output>
  </reporter-output>
  <suite started-at="2021-12-15T09:54:47Z" name="Default suite" finished-at="2021-12-15T09:55:23Z" duration-ms="35983">
    <groups>
    </groups>
    <test started-at="2021-12-15T09:54:47Z" name="Default test" finished-at="2021-12-15T09:55:23Z" duration-ms="35983">
      <class name="testrunner.NewTest">
        <test-method is-config="true" signature="setdriveroject()[pri:0, instance:testrunner.NewTest@6b6776cb]" started-at="2021-12-15T09:54:47Z" name="setdriveroject" finished-at="2021-12-15T09:54:49Z" duration-ms="2032" status="PASS">
          <reporter-output>
          </reporter-output>
        </test-method> <!-- setdriveroject -->
        <test-method signature="urlverification()[pri:1, instance:testrunner.NewTest@6b6776cb]" started-at="2021-12-15T09:54:49Z" name="urlverification" finished-at="2021-12-15T09:54:51Z" duration-ms="1736" status="PASS">
          <reporter-output>
          </reporter-output>
        </test-method> <!-- urlverification -->
        <test-method signature="login()[pri:2, instance:testrunner.NewTest@6b6776cb]" started-at="2021-12-15T09:54:51Z" name="login" finished-at="2021-12-15T09:55:03Z" duration-ms="11580" status="PASS">
          <reporter-output>
          </reporter-output>
        </test-method> <!-- login -->
        <test-method signature="fabricsofabuttonclick()[pri:3, instance:testrunner.NewTest@6b6776cb]" started-at="2021-12-15T09:55:03Z" name="fabricsofabuttonclick" finished-at="2021-12-15T09:55:11Z" duration-ms="8483" status="PASS">
          <reporter-output>
          </reporter-output>
        </test-method> <!-- fabricsofabuttonclick -->
        <test-method signature="sortingchkbox()[pri:4, instance:testrunner.NewTest@6b6776cb]" started-at="2021-12-15T09:55:11Z" name="sortingchkbox" finished-at="2021-12-15T09:55:14Z" duration-ms="2824" status="PASS">
          <reporter-output>
          </reporter-output>
        </test-method> <!-- sortingchkbox -->
        <test-method signature="sortingradiobttn()[pri:5, instance:testrunner.NewTest@6b6776cb]" started-at="2021-12-15T09:55:14Z" name="sortingradiobttn" finished-at="2021-12-15T09:55:23Z" duration-ms="9288" status="PASS">
          <reporter-output>
          </reporter-output>
        </test-method> <!-- sortingradiobttn -->
        <test-method is-config="true" signature="close()[pri:0, instance:testrunner.NewTest@6b6776cb]" started-at="2021-12-15T09:55:23Z" name="close" finished-at="2021-12-15T09:55:28Z" duration-ms="4309" status="PASS">
          <reporter-output>
          </reporter-output>
        </test-method> <!-- close -->
      </class> <!-- testrunner.NewTest -->
    </test> <!-- Default test -->
  </suite> <!-- Default suite -->
</testng-results>
