<?xml version="1.0" encoding="UTF-8"?>
<!-- Generated by org.testng.reporters.JUnitXMLReporter -->
<testsuite ignored="0" hostname="DESKTOP-TGPHOC5" failures="0" tests="5" name="Default test" time="35.983" errors="0" timestamp="15 Dec 2021 09:55:23 GMT">
  <testcase classname="testrunner.NewTest" name="urlverification" time="1.736"/>
  <testcase classname="testrunner.NewTest" name="login" time="11.58"/>
  <testcase classname="testrunner.NewTest" name="fabricsofabuttonclick" time="8.483"/>
  <testcase classname="testrunner.NewTest" name="sortingchkbox" time="2.824"/>
  <testcase classname="testrunner.NewTest" name="sortingradiobttn" time="9.288"/>
</testsuite> <!-- Default test -->
